{"C:\\Users\\Rknecht\\Desktop\\Vortrag\\ReactNativeReduxSeed\\index.android.js": {"path":"C:\\Users\\Rknecht\\Desktop\\Vortrag\\ReactNativeReduxSeed\\index.android.js","statementMap":{"0":{"start":{"line":11,"column":29},"end":{"line":11,"column":44}},"1":{"start":{"line":11,"column":36},"end":{"line":11,"column":43}},"2":{"start":{"line":13,"column":0},"end":{"line":13,"column":82}},"3":{"start":{"line":13,"column":60},"end":{"line":13,"column":80}}},"fnMap":{"0":{"name":"(anonymous_0)","decl":{"start":{"line":11,"column":29},"end":{"line":11,"column":30}},"loc":{"start":{"line":11,"column":36},"end":{"line":11,"column":43}}},"1":{"name":"(anonymous_1)","decl":{"start":{"line":13,"column":54},"end":{"line":13,"column":55}},"loc":{"start":{"line":13,"column":60},"end":{"line":13,"column":80}}}},"branchMap":{},"s":{"0":1,"1":1,"2":1,"3":0},"f":{"0":1,"1":0},"b":{},"_coverageSchema":"332fd63041d2c1bcb487cc26dd0d5f7d97098a6c","hash":"9df73ef7f3836b92ec53fcdacc1cdef999832b5e"}
,"C:\\Users\\Rknecht\\Desktop\\Vortrag\\ReactNativeReduxSeed\\index.ios.js": {"path":"C:\\Users\\Rknecht\\Desktop\\Vortrag\\ReactNativeReduxSeed\\index.ios.js","statementMap":{"0":{"start":{"line":11,"column":29},"end":{"line":11,"column":44}},"1":{"start":{"line":11,"column":36},"end":{"line":11,"column":43}},"2":{"start":{"line":13,"column":0},"end":{"line":13,"column":82}},"3":{"start":{"line":13,"column":60},"end":{"line":13,"column":80}}},"fnMap":{"0":{"name":"(anonymous_0)","decl":{"start":{"line":11,"column":29},"end":{"line":11,"column":30}},"loc":{"start":{"line":11,"column":36},"end":{"line":11,"column":43}}},"1":{"name":"(anonymous_1)","decl":{"start":{"line":13,"column":54},"end":{"line":13,"column":55}},"loc":{"start":{"line":13,"column":60},"end":{"line":13,"column":80}}}},"branchMap":{},"s":{"0":1,"1":1,"2":1,"3":0},"f":{"0":1,"1":0},"b":{},"_coverageSchema":"332fd63041d2c1bcb487cc26dd0d5f7d97098a6c","hash":"bf4dd8f77944cae8f37f05b3681819e97717af2a"}
,"C:\\Users\\Rknecht\\Desktop\\Vortrag\\ReactNativeReduxSeed\\app\\app.js": {"path":"C:\\Users\\Rknecht\\Desktop\\Vortrag\\ReactNativeReduxSeed\\app\\app.js","statementMap":{"0":{"start":{"line":11,"column":25},"end":{"line":11,"column":67}},"1":{"start":{"line":11,"column":57},"end":{"line":11,"column":64}},"2":{"start":{"line":13,"column":14},"end":{"line":16,"column":1}},"3":{"start":{"line":18,"column":15},"end":{"line":63,"column":2}},"4":{"start":{"line":65,"column":12},"end":{"line":81,"column":1}},"5":{"start":{"line":66,"column":4},"end":{"line":80,"column":16}}},"fnMap":{"0":{"name":"(anonymous_0)","decl":{"start":{"line":11,"column":51},"end":{"line":11,"column":52}},"loc":{"start":{"line":11,"column":57},"end":{"line":11,"column":64}}},"1":{"name":"(anonymous_1)","decl":{"start":{"line":65,"column":12},"end":{"line":65,"column":13}},"loc":{"start":{"line":66,"column":4},"end":{"line":80,"column":16}}}},"branchMap":{},"s":{"0":2,"1":0,"2":2,"3":2,"4":2,"5":2},"f":{"0":0,"1":2},"b":{},"_coverageSchema":"332fd63041d2c1bcb487cc26dd0d5f7d97098a6c","hash":"cc646d8e2f6cdbe0a77e9e020e24703ec3ed646e"}
,"C:\\Users\\Rknecht\\Desktop\\Vortrag\\ReactNativeReduxSeed\\app\\components\\to-do\\to-do.js": {"path":"C:\\Users\\Rknecht\\Desktop\\Vortrag\\ReactNativeReduxSeed\\app\\components\\to-do\\to-do.js","statementMap":{"0":{"start":{"line":4,"column":15},"end":{"line":20,"column":2}},"1":{"start":{"line":22,"column":13},"end":{"line":28,"column":1}},"2":{"start":{"line":23,"column":4},"end":{"line":27,"column":25}},"3":{"start":{"line":32,"column":0},"end":{"line":36,"column":2}}},"fnMap":{"0":{"name":"(anonymous_0)","decl":{"start":{"line":22,"column":13},"end":{"line":22,"column":14}},"loc":{"start":{"line":23,"column":4},"end":{"line":27,"column":25}}}},"branchMap":{"0":{"loc":{"start":{"line":24,"column":56},"end":{"line":24,"column":97}},"type":"cond-expr","locations":[{"start":{"line":24,"column":74},"end":{"line":24,"column":88}},{"start":{"line":24,"column":91},"end":{"line":24,"column":97}}]}},"s":{"0":4,"1":4,"2":5,"3":4},"f":{"0":5},"b":{"0":[2,3]},"_coverageSchema":"332fd63041d2c1bcb487cc26dd0d5f7d97098a6c","hash":"9f9373470e9d045b170216ddaa869316e1bf96b1"}
,"C:\\Users\\Rknecht\\Desktop\\Vortrag\\ReactNativeReduxSeed\\app\\components\\to-do-input\\to-do-input-container.js": {"path":"C:\\Users\\Rknecht\\Desktop\\Vortrag\\ReactNativeReduxSeed\\app\\components\\to-do-input\\to-do-input-container.js","statementMap":{"0":{"start":{"line":5,"column":24},"end":{"line":5,"column":34}},"1":{"start":{"line":5,"column":31},"end":{"line":5,"column":33}},"2":{"start":{"line":7,"column":27},"end":{"line":12,"column":6}},"3":{"start":{"line":8,"column":4},"end":{"line":12,"column":5}},"4":{"start":{"line":10,"column":12},"end":{"line":10,"column":36}},"5":{"start":{"line":14,"column":27},"end":{"line":14,"column":82}}},"fnMap":{"0":{"name":"(anonymous_0)","decl":{"start":{"line":5,"column":24},"end":{"line":5,"column":25}},"loc":{"start":{"line":5,"column":31},"end":{"line":5,"column":33}}},"1":{"name":"(anonymous_1)","decl":{"start":{"line":7,"column":27},"end":{"line":7,"column":28}},"loc":{"start":{"line":8,"column":4},"end":{"line":12,"column":5}}},"2":{"name":"(anonymous_2)","decl":{"start":{"line":9,"column":19},"end":{"line":9,"column":20}},"loc":{"start":{"line":9,"column":29},"end":{"line":11,"column":9}}}},"branchMap":{},"s":{"0":2,"1":2,"2":2,"3":2,"4":0,"5":2},"f":{"0":2,"1":2,"2":0},"b":{},"_coverageSchema":"332fd63041d2c1bcb487cc26dd0d5f7d97098a6c","hash":"a674d629284009460fbbfea2ca50b699ea63ec2e"}
,"C:\\Users\\Rknecht\\Desktop\\Vortrag\\ReactNativeReduxSeed\\app\\components\\to-do-input\\to-do-input.js": {"path":"C:\\Users\\Rknecht\\Desktop\\Vortrag\\ReactNativeReduxSeed\\app\\components\\to-do-input\\to-do-input.js","statementMap":{"0":{"start":{"line":5,"column":15},"end":{"line":33,"column":2}},"1":{"start":{"line":38,"column":8},"end":{"line":38,"column":21}},"2":{"start":{"line":39,"column":8},"end":{"line":41,"column":10}},"3":{"start":{"line":45,"column":24},"end":{"line":50,"column":9}},"4":{"start":{"line":46,"column":12},"end":{"line":48,"column":13}},"5":{"start":{"line":47,"column":16},"end":{"line":47,"column":54}},"6":{"start":{"line":49,"column":12},"end":{"line":49,"column":40}},"7":{"start":{"line":51,"column":8},"end":{"line":62,"column":17}},"8":{"start":{"line":54,"column":38},"end":{"line":54,"column":61}},"9":{"start":{"line":67,"column":0},"end":{"line":69,"column":2}}},"fnMap":{"0":{"name":"(anonymous_0)","decl":{"start":{"line":37,"column":4},"end":{"line":37,"column":5}},"loc":{"start":{"line":37,"column":23},"end":{"line":42,"column":5}}},"1":{"name":"(anonymous_1)","decl":{"start":{"line":44,"column":4},"end":{"line":44,"column":5}},"loc":{"start":{"line":44,"column":13},"end":{"line":63,"column":5}}},"2":{"name":"(anonymous_2)","decl":{"start":{"line":45,"column":24},"end":{"line":45,"column":25}},"loc":{"start":{"line":45,"column":30},"end":{"line":50,"column":9}}},"3":{"name":"(anonymous_3)","decl":{"start":{"line":54,"column":30},"end":{"line":54,"column":31}},"loc":{"start":{"line":54,"column":38},"end":{"line":54,"column":61}}}},"branchMap":{"0":{"loc":{"start":{"line":46,"column":12},"end":{"line":48,"column":13}},"type":"if","locations":[{"start":{"line":46,"column":12},"end":{"line":48,"column":13}},{"start":{"line":46,"column":12},"end":{"line":48,"column":13}}]}},"s":{"0":2,"1":2,"2":2,"3":2,"4":0,"5":0,"6":0,"7":2,"8":0,"9":2},"f":{"0":2,"1":2,"2":0,"3":0},"b":{"0":[0,0]},"_coverageSchema":"332fd63041d2c1bcb487cc26dd0d5f7d97098a6c","hash":"9f9b927a9ff97ebe5136c995a4fc1ae9db580c4b"}
,"C:\\Users\\Rknecht\\Desktop\\Vortrag\\ReactNativeReduxSeed\\app\\components\\to-do-list\\to-do-list-container.js": {"path":"C:\\Users\\Rknecht\\Desktop\\Vortrag\\ReactNativeReduxSeed\\app\\components\\to-do-list\\to-do-list-container.js","statementMap":{"0":{"start":{"line":5,"column":24},"end":{"line":7,"column":2}},"1":{"start":{"line":5,"column":34},"end":{"line":7,"column":1}},"2":{"start":{"line":9,"column":27},"end":{"line":14,"column":6}},"3":{"start":{"line":10,"column":4},"end":{"line":14,"column":5}},"4":{"start":{"line":12,"column":12},"end":{"line":12,"column":37}},"5":{"start":{"line":16,"column":26},"end":{"line":16,"column":80}}},"fnMap":{"0":{"name":"(anonymous_0)","decl":{"start":{"line":5,"column":24},"end":{"line":5,"column":25}},"loc":{"start":{"line":5,"column":34},"end":{"line":7,"column":1}}},"1":{"name":"(anonymous_1)","decl":{"start":{"line":9,"column":27},"end":{"line":9,"column":28}},"loc":{"start":{"line":10,"column":4},"end":{"line":14,"column":5}}},"2":{"name":"(anonymous_2)","decl":{"start":{"line":11,"column":21},"end":{"line":11,"column":22}},"loc":{"start":{"line":11,"column":29},"end":{"line":13,"column":9}}}},"branchMap":{},"s":{"0":2,"1":2,"2":2,"3":2,"4":0,"5":2},"f":{"0":2,"1":2,"2":0},"b":{},"_coverageSchema":"332fd63041d2c1bcb487cc26dd0d5f7d97098a6c","hash":"7cc1fc1c38071461fcf1494b2bed09219d5cec1a"}
,"C:\\Users\\Rknecht\\Desktop\\Vortrag\\ReactNativeReduxSeed\\app\\components\\to-do-list\\to-do-list.js": {"path":"C:\\Users\\Rknecht\\Desktop\\Vortrag\\ReactNativeReduxSeed\\app\\components\\to-do-list\\to-do-list.js","statementMap":{"0":{"start":{"line":5,"column":17},"end":{"line":26,"column":1}},"1":{"start":{"line":6,"column":15},"end":{"line":6,"column":80}},"2":{"start":{"line":6,"column":68},"end":{"line":6,"column":77}},"3":{"start":{"line":7,"column":17},"end":{"line":7,"column":46}},"4":{"start":{"line":9,"column":24},"end":{"line":11,"column":5}},"5":{"start":{"line":10,"column":8},"end":{"line":10,"column":30}},"6":{"start":{"line":12,"column":33},"end":{"line":20,"column":16}},"7":{"start":{"line":13,"column":8},"end":{"line":20,"column":15}},"8":{"start":{"line":15,"column":16},"end":{"line":15,"column":40}},"9":{"start":{"line":22,"column":4},"end":{"line":25,"column":8}},"10":{"start":{"line":24,"column":30},"end":{"line":24,"column":59}},"11":{"start":{"line":28,"column":0},"end":{"line":37,"column":2}}},"fnMap":{"0":{"name":"(anonymous_0)","decl":{"start":{"line":5,"column":17},"end":{"line":5,"column":18}},"loc":{"start":{"line":5,"column":28},"end":{"line":26,"column":1}}},"1":{"name":"(anonymous_1)","decl":{"start":{"line":6,"column":56},"end":{"line":6,"column":57}},"loc":{"start":{"line":6,"column":68},"end":{"line":6,"column":77}}},"2":{"name":"(anonymous_2)","decl":{"start":{"line":9,"column":24},"end":{"line":9,"column":25}},"loc":{"start":{"line":9,"column":32},"end":{"line":11,"column":5}}},"3":{"name":"(anonymous_3)","decl":{"start":{"line":12,"column":33},"end":{"line":12,"column":34}},"loc":{"start":{"line":13,"column":8},"end":{"line":20,"column":15}}},"4":{"name":"(anonymous_4)","decl":{"start":{"line":14,"column":21},"end":{"line":14,"column":22}},"loc":{"start":{"line":14,"column":27},"end":{"line":16,"column":13}}},"5":{"name":"(anonymous_5)","decl":{"start":{"line":24,"column":19},"end":{"line":24,"column":20}},"loc":{"start":{"line":24,"column":30},"end":{"line":24,"column":59}}}},"branchMap":{},"s":{"0":3,"1":3,"2":0,"3":3,"4":3,"5":0,"6":3,"7":2,"8":0,"9":3,"10":2,"11":3},"f":{"0":3,"1":0,"2":0,"3":2,"4":0,"5":2},"b":{},"_coverageSchema":"332fd63041d2c1bcb487cc26dd0d5f7d97098a6c","hash":"30dbd7ee7eaf10a6fd44afb5ab7141a15832dbac"}
,"C:\\Users\\Rknecht\\Desktop\\Vortrag\\ReactNativeReduxSeed\\app\\modules\\index.js": {"path":"C:\\Users\\Rknecht\\Desktop\\Vortrag\\ReactNativeReduxSeed\\app\\modules\\index.js","statementMap":{},"fnMap":{},"branchMap":{},"s":{},"f":{},"b":{},"_coverageSchema":"332fd63041d2c1bcb487cc26dd0d5f7d97098a6c","hash":"a20a48700983ddc848b26c346f255470b7fb4943"}
,"C:\\Users\\Rknecht\\Desktop\\Vortrag\\ReactNativeReduxSeed\\app\\modules\\to-dos.js": {"path":"C:\\Users\\Rknecht\\Desktop\\Vortrag\\ReactNativeReduxSeed\\app\\modules\\to-dos.js","statementMap":{"0":{"start":{"line":1,"column":17},"end":{"line":1,"column":33}},"1":{"start":{"line":2,"column":20},"end":{"line":2,"column":39}},"2":{"start":{"line":5,"column":13},"end":{"line":25,"column":1}},"3":{"start":{"line":6,"column":4},"end":{"line":24,"column":5}},"4":{"start":{"line":8,"column":12},"end":{"line":12,"column":14}},"5":{"start":{"line":14,"column":12},"end":{"line":16,"column":13}},"6":{"start":{"line":15,"column":16},"end":{"line":15,"column":29}},"7":{"start":{"line":18,"column":12},"end":{"line":20,"column":15}},"8":{"start":{"line":23,"column":12},"end":{"line":23,"column":25}},"9":{"start":{"line":29,"column":21},"end":{"line":33,"column":2}},"10":{"start":{"line":35,"column":14},"end":{"line":49,"column":1}},"11":{"start":{"line":36,"column":4},"end":{"line":48,"column":5}},"12":{"start":{"line":38,"column":12},"end":{"line":41,"column":14}},"13":{"start":{"line":43,"column":12},"end":{"line":45,"column":14}},"14":{"start":{"line":44,"column":16},"end":{"line":44,"column":31}},"15":{"start":{"line":47,"column":12},"end":{"line":47,"column":25}},"16":{"start":{"line":54,"column":17},"end":{"line":54,"column":18}},"17":{"start":{"line":55,"column":23},"end":{"line":62,"column":1}},"18":{"start":{"line":56,"column":4},"end":{"line":56,"column":20}},"19":{"start":{"line":57,"column":4},"end":{"line":61,"column":7}},"20":{"start":{"line":64,"column":26},"end":{"line":67,"column":2}},"21":{"start":{"line":64,"column":33},"end":{"line":67,"column":1}}},"fnMap":{"0":{"name":"(anonymous_0)","decl":{"start":{"line":5,"column":13},"end":{"line":5,"column":14}},"loc":{"start":{"line":5,"column":37},"end":{"line":25,"column":1}}},"1":{"name":"(anonymous_1)","decl":{"start":{"line":35,"column":14},"end":{"line":35,"column":15}},"loc":{"start":{"line":35,"column":48},"end":{"line":49,"column":1}}},"2":{"name":"(anonymous_2)","decl":{"start":{"line":43,"column":29},"end":{"line":43,"column":30}},"loc":{"start":{"line":44,"column":16},"end":{"line":44,"column":31}}},"3":{"name":"(anonymous_3)","decl":{"start":{"line":55,"column":23},"end":{"line":55,"column":24}},"loc":{"start":{"line":55,"column":33},"end":{"line":62,"column":1}}},"4":{"name":"(anonymous_4)","decl":{"start":{"line":64,"column":26},"end":{"line":64,"column":27}},"loc":{"start":{"line":64,"column":33},"end":{"line":67,"column":1}}}},"branchMap":{"0":{"loc":{"start":{"line":5,"column":14},"end":{"line":5,"column":24}},"type":"default-arg","locations":[{"start":{"line":5,"column":22},"end":{"line":5,"column":24}}]},"1":{"loc":{"start":{"line":6,"column":4},"end":{"line":24,"column":5}},"type":"switch","locations":[{"start":{"line":7,"column":8},"end":{"line":12,"column":14}},{"start":{"line":13,"column":8},"end":{"line":20,"column":15}},{"start":{"line":22,"column":8},"end":{"line":23,"column":25}}]},"2":{"loc":{"start":{"line":14,"column":12},"end":{"line":16,"column":13}},"type":"if","locations":[{"start":{"line":14,"column":12},"end":{"line":16,"column":13}},{"start":{"line":14,"column":12},"end":{"line":16,"column":13}}]},"3":{"loc":{"start":{"line":35,"column":15},"end":{"line":35,"column":35}},"type":"default-arg","locations":[{"start":{"line":35,"column":23},"end":{"line":35,"column":35}}]},"4":{"loc":{"start":{"line":36,"column":4},"end":{"line":48,"column":5}},"type":"switch","locations":[{"start":{"line":37,"column":8},"end":{"line":41,"column":14}},{"start":{"line":42,"column":8},"end":{"line":45,"column":14}},{"start":{"line":46,"column":8},"end":{"line":47,"column":25}}]}},"s":{"0":2,"1":2,"2":2,"3":0,"4":0,"5":0,"6":0,"7":0,"8":0,"9":2,"10":2,"11":6,"12":0,"13":0,"14":0,"15":6,"16":2,"17":2,"18":0,"19":0,"20":2,"21":0},"f":{"0":0,"1":6,"2":0,"3":0,"4":0},"b":{"0":[0],"1":[0,0,0],"2":[0,0],"3":[6],"4":[0,0,6]},"_coverageSchema":"332fd63041d2c1bcb487cc26dd0d5f7d97098a6c","hash":"2bba79219d0ffd706c9b7b6bda03a41363ee7437"}
}
