TN:
SF:C:\Users\Rknecht\Desktop\Vortrag\ReactNativeReduxSeed\index.android.js
FN:11,(anonymous_0)
FN:13,(anonymous_1)
FNF:2
FNH:1
FNDA:1,(anonymous_0)
FNDA:0,(anonymous_1)
DA:11,1
DA:13,1
LF:2
LH:2
BRF:0
BRH:0
end_of_record
TN:
SF:C:\Users\Rknecht\Desktop\Vortrag\ReactNativeReduxSeed\index.ios.js
FN:11,(anonymous_0)
FN:13,(anonymous_1)
FNF:2
FNH:1
FNDA:1,(anonymous_0)
FNDA:0,(anonymous_1)
DA:11,1
DA:13,1
LF:2
LH:2
BRF:0
BRH:0
end_of_record
TN:
SF:C:\Users\Rknecht\Desktop\Vortrag\ReactNativeReduxSeed\app\app.js
FN:11,(anonymous_0)
FN:65,(anonymous_1)
FNF:2
FNH:1
FNDA:0,(anonymous_0)
FNDA:2,(anonymous_1)
DA:11,2
DA:13,2
DA:18,2
DA:65,2
DA:66,2
LF:5
LH:5
BRF:0
BRH:0
end_of_record
TN:
SF:C:\Users\Rknecht\Desktop\Vortrag\ReactNativeReduxSeed\app\components\to-do\to-do.js
FN:22,(anonymous_0)
FNF:1
FNH:1
FNDA:5,(anonymous_0)
DA:4,4
DA:22,4
DA:23,5
DA:32,4
LF:4
LH:4
BRDA:24,0,0,2
BRDA:24,0,1,3
BRF:2
BRH:2
end_of_record
TN:
SF:C:\Users\Rknecht\Desktop\Vortrag\ReactNativeReduxSeed\app\components\to-do-input\to-do-input-container.js
FN:5,(anonymous_0)
FN:7,(anonymous_1)
FN:9,(anonymous_2)
FNF:3
FNH:2
FNDA:2,(anonymous_0)
FNDA:2,(anonymous_1)
FNDA:0,(anonymous_2)
DA:5,2
DA:7,2
DA:8,2
DA:10,0
DA:14,2
LF:5
LH:4
BRF:0
BRH:0
end_of_record
TN:
SF:C:\Users\Rknecht\Desktop\Vortrag\ReactNativeReduxSeed\app\components\to-do-input\to-do-input.js
FN:37,(anonymous_0)
FN:44,(anonymous_1)
FN:45,(anonymous_2)
FN:54,(anonymous_3)
FNF:4
FNH:2
FNDA:2,(anonymous_0)
FNDA:2,(anonymous_1)
FNDA:0,(anonymous_2)
FNDA:0,(anonymous_3)
DA:5,2
DA:38,2
DA:39,2
DA:45,2
DA:46,0
DA:47,0
DA:49,0
DA:51,2
DA:54,0
DA:67,2
LF:10
LH:6
BRDA:46,0,0,0
BRDA:46,0,1,0
BRF:2
BRH:0
end_of_record
TN:
SF:C:\Users\Rknecht\Desktop\Vortrag\ReactNativeReduxSeed\app\components\to-do-list\to-do-list-container.js
FN:5,(anonymous_0)
FN:9,(anonymous_1)
FN:11,(anonymous_2)
FNF:3
FNH:2
FNDA:2,(anonymous_0)
FNDA:2,(anonymous_1)
FNDA:0,(anonymous_2)
DA:5,2
DA:9,2
DA:10,2
DA:12,0
DA:16,2
LF:5
LH:4
BRF:0
BRH:0
end_of_record
TN:
SF:C:\Users\Rknecht\Desktop\Vortrag\ReactNativeReduxSeed\app\components\to-do-list\to-do-list.js
FN:5,(anonymous_0)
FN:6,(anonymous_1)
FN:9,(anonymous_2)
FN:12,(anonymous_3)
FN:14,(anonymous_4)
FN:24,(anonymous_5)
FNF:6
FNH:3
FNDA:3,(anonymous_0)
FNDA:0,(anonymous_1)
FNDA:0,(anonymous_2)
FNDA:2,(anonymous_3)
FNDA:0,(anonymous_4)
FNDA:2,(anonymous_5)
DA:5,3
DA:6,3
DA:7,3
DA:9,3
DA:10,0
DA:12,3
DA:13,2
DA:15,0
DA:22,3
DA:24,2
DA:28,3
LF:11
LH:9
BRF:0
BRH:0
end_of_record
TN:
SF:C:\Users\Rknecht\Desktop\Vortrag\ReactNativeReduxSeed\app\modules\index.js
FNF:0
FNH:0
LF:0
LH:0
BRF:0
BRH:0
end_of_record
TN:
SF:C:\Users\Rknecht\Desktop\Vortrag\ReactNativeReduxSeed\app\modules\to-dos.js
FN:5,(anonymous_0)
FN:35,(anonymous_1)
FN:43,(anonymous_2)
FN:55,(anonymous_3)
FN:64,(anonymous_4)
FNF:5
FNH:1
FNDA:0,(anonymous_0)
FNDA:6,(anonymous_1)
FNDA:0,(anonymous_2)
FNDA:0,(anonymous_3)
FNDA:0,(anonymous_4)
DA:1,2
DA:2,2
DA:5,2
DA:6,0
DA:8,0
DA:14,0
DA:15,0
DA:18,0
DA:23,0
DA:29,2
DA:35,2
DA:36,6
DA:38,0
DA:43,0
DA:44,0
DA:47,6
DA:54,2
DA:55,2
DA:56,0
DA:57,0
DA:64,2
LF:21
LH:10
BRDA:5,0,0,0
BRDA:6,1,0,0
BRDA:6,1,1,0
BRDA:6,1,2,0
BRDA:14,2,0,0
BRDA:14,2,1,0
BRDA:35,3,0,6
BRDA:36,4,0,0
BRDA:36,4,1,0
BRDA:36,4,2,6
BRF:10
BRH:2
end_of_record
